<?xml version="1.0" encoding="UTF-8"?>
<testsuite xmlns:xsi="http://www.w3.org/2001/XMLSchema-instance" xsi:noNamespaceSchemaLocation="https://maven.apache.org/surefire/maven-surefire-plugin/xsd/surefire-test-report.xsd" name="boot.MessageTest" time="1.002" tests="1" errors="1" skipped="0" failures="0">
  <properties>
    <property name="sun.desktop" value="windows"/>
    <property name="awt.toolkit" value="sun.awt.windows.WToolkit"/>
    <property name="java.specification.version" value="11"/>
    <property name="sun.cpu.isalist" value="amd64"/>
    <property name="sun.jnu.encoding" value="Cp1252"/>
    <property name="java.class.path" value="C:\Users\ikosh\Documents\workspace-sts-3.9.7.RELEASE\boot\target\test-classes;C:\Users\ikosh\Documents\workspace-sts-3.9.7.RELEASE\boot\target\classes;C:\Users\ikosh\.m2\repository\org\springframework\boot\spring-boot-starter-web\2.1.2.RELEASE\spring-boot-starter-web-2.1.2.RELEASE.jar;C:\Users\ikosh\.m2\repository\org\springframework\boot\spring-boot-starter\2.1.2.RELEASE\spring-boot-starter-2.1.2.RELEASE.jar;C:\Users\ikosh\.m2\repository\org\springframework\boot\spring-boot\2.1.2.RELEASE\spring-boot-2.1.2.RELEASE.jar;C:\Users\ikosh\.m2\repository\org\springframework\boot\spring-boot-autoconfigure\2.1.2.RELEASE\spring-boot-autoconfigure-2.1.2.RELEASE.jar;C:\Users\ikosh\.m2\repository\org\springframework\boot\spring-boot-starter-logging\2.1.2.RELEASE\spring-boot-starter-logging-2.1.2.RELEASE.jar;C:\Users\ikosh\.m2\repository\ch\qos\logback\logback-classic\1.2.3\logback-classic-1.2.3.jar;C:\Users\ikosh\.m2\repository\ch\qos\logback\logback-core\1.2.3\logback-core-1.2.3.jar;C:\Users\ikosh\.m2\repository\org\apache\logging\log4j\log4j-to-slf4j\2.11.1\log4j-to-slf4j-2.11.1.jar;C:\Users\ikosh\.m2\repository\org\apache\logging\log4j\log4j-api\2.11.1\log4j-api-2.11.1.jar;C:\Users\ikosh\.m2\repository\org\slf4j\jul-to-slf4j\1.7.25\jul-to-slf4j-1.7.25.jar;C:\Users\ikosh\.m2\repository\javax\annotation\javax.annotation-api\1.3.2\javax.annotation-api-1.3.2.jar;C:\Users\ikosh\.m2\repository\org\yaml\snakeyaml\1.23\snakeyaml-1.23.jar;C:\Users\ikosh\.m2\repository\org\springframework\boot\spring-boot-starter-json\2.1.2.RELEASE\spring-boot-starter-json-2.1.2.RELEASE.jar;C:\Users\ikosh\.m2\repository\com\fasterxml\jackson\core\jackson-databind\2.9.8\jackson-databind-2.9.8.jar;C:\Users\ikosh\.m2\repository\com\fasterxml\jackson\core\jackson-annotations\2.9.0\jackson-annotations-2.9.0.jar;C:\Users\ikosh\.m2\repository\com\fasterxml\jackson\core\jackson-core\2.9.8\jackson-core-2.9.8.jar;C:\Users\ikosh\.m2\repository\com\fasterxml\jackson\datatype\jackson-datatype-jdk8\2.9.8\jackson-datatype-jdk8-2.9.8.jar;C:\Users\ikosh\.m2\repository\com\fasterxml\jackson\datatype\jackson-datatype-jsr310\2.9.8\jackson-datatype-jsr310-2.9.8.jar;C:\Users\ikosh\.m2\repository\com\fasterxml\jackson\module\jackson-module-parameter-names\2.9.8\jackson-module-parameter-names-2.9.8.jar;C:\Users\ikosh\.m2\repository\org\springframework\boot\spring-boot-starter-tomcat\2.1.2.RELEASE\spring-boot-starter-tomcat-2.1.2.RELEASE.jar;C:\Users\ikosh\.m2\repository\org\apache\tomcat\embed\tomcat-embed-core\9.0.14\tomcat-embed-core-9.0.14.jar;C:\Users\ikosh\.m2\repository\org\apache\tomcat\embed\tomcat-embed-el\9.0.14\tomcat-embed-el-9.0.14.jar;C:\Users\ikosh\.m2\repository\org\apache\tomcat\embed\tomcat-embed-websocket\9.0.14\tomcat-embed-websocket-9.0.14.jar;C:\Users\ikosh\.m2\repository\org\hibernate\validator\hibernate-validator\6.0.14.Final\hibernate-validator-6.0.14.Final.jar;C:\Users\ikosh\.m2\repository\javax\validation\validation-api\2.0.1.Final\validation-api-2.0.1.Final.jar;C:\Users\ikosh\.m2\repository\org\jboss\logging\jboss-logging\3.3.2.Final\jboss-logging-3.3.2.Final.jar;C:\Users\ikosh\.m2\repository\com\fasterxml\classmate\1.4.0\classmate-1.4.0.jar;C:\Users\ikosh\.m2\repository\org\springframework\spring-web\5.1.4.RELEASE\spring-web-5.1.4.RELEASE.jar;C:\Users\ikosh\.m2\repository\org\springframework\spring-beans\5.1.4.RELEASE\spring-beans-5.1.4.RELEASE.jar;C:\Users\ikosh\.m2\repository\org\springframework\spring-webmvc\5.1.4.RELEASE\spring-webmvc-5.1.4.RELEASE.jar;C:\Users\ikosh\.m2\repository\org\springframework\spring-aop\5.1.4.RELEASE\spring-aop-5.1.4.RELEASE.jar;C:\Users\ikosh\.m2\repository\org\springframework\spring-context\5.1.4.RELEASE\spring-context-5.1.4.RELEASE.jar;C:\Users\ikosh\.m2\repository\org\springframework\spring-expression\5.1.4.RELEASE\spring-expression-5.1.4.RELEASE.jar;C:\Users\ikosh\.m2\repository\org\springframework\boot\spring-boot-starter-test\2.1.2.RELEASE\spring-boot-starter-test-2.1.2.RELEASE.jar;C:\Users\ikosh\.m2\repository\org\springframework\boot\spring-boot-test\2.1.2.RELEASE\spring-boot-test-2.1.2.RELEASE.jar;C:\Users\ikosh\.m2\repository\org\springframework\boot\spring-boot-test-autoconfigure\2.1.2.RELEASE\spring-boot-test-autoconfigure-2.1.2.RELEASE.jar;C:\Users\ikosh\.m2\repository\com\jayway\jsonpath\json-path\2.4.0\json-path-2.4.0.jar;C:\Users\ikosh\.m2\repository\net\minidev\json-smart\2.3\json-smart-2.3.jar;C:\Users\ikosh\.m2\repository\net\minidev\accessors-smart\1.2\accessors-smart-1.2.jar;C:\Users\ikosh\.m2\repository\org\ow2\asm\asm\5.0.4\asm-5.0.4.jar;C:\Users\ikosh\.m2\repository\org\slf4j\slf4j-api\1.7.25\slf4j-api-1.7.25.jar;C:\Users\ikosh\.m2\repository\junit\junit\4.12\junit-4.12.jar;C:\Users\ikosh\.m2\repository\org\assertj\assertj-core\3.11.1\assertj-core-3.11.1.jar;C:\Users\ikosh\.m2\repository\org\mockito\mockito-core\2.23.4\mockito-core-2.23.4.jar;C:\Users\ikosh\.m2\repository\net\bytebuddy\byte-buddy\1.9.7\byte-buddy-1.9.7.jar;C:\Users\ikosh\.m2\repository\net\bytebuddy\byte-buddy-agent\1.9.7\byte-buddy-agent-1.9.7.jar;C:\Users\ikosh\.m2\repository\org\objenesis\objenesis\2.6\objenesis-2.6.jar;C:\Users\ikosh\.m2\repository\org\hamcrest\hamcrest-core\1.3\hamcrest-core-1.3.jar;C:\Users\ikosh\.m2\repository\org\hamcrest\hamcrest-library\1.3\hamcrest-library-1.3.jar;C:\Users\ikosh\.m2\repository\org\skyscreamer\jsonassert\1.5.0\jsonassert-1.5.0.jar;C:\Users\ikosh\.m2\repository\com\vaadin\external\google\android-json\0.0.20131108.vaadin1\android-json-0.0.20131108.vaadin1.jar;C:\Users\ikosh\.m2\repository\org\springframework\spring-core\5.1.4.RELEASE\spring-core-5.1.4.RELEASE.jar;C:\Users\ikosh\.m2\repository\org\springframework\spring-jcl\5.1.4.RELEASE\spring-jcl-5.1.4.RELEASE.jar;C:\Users\ikosh\.m2\repository\org\springframework\spring-test\5.1.4.RELEASE\spring-test-5.1.4.RELEASE.jar;C:\Users\ikosh\.m2\repository\org\xmlunit\xmlunit-core\2.6.2\xmlunit-core-2.6.2.jar;C:\Users\ikosh\.m2\repository\javax\xml\bind\jaxb-api\2.3.1\jaxb-api-2.3.1.jar;C:\Users\ikosh\.m2\repository\javax\activation\javax.activation-api\1.2.0\javax.activation-api-1.2.0.jar;C:\Users\ikosh\.m2\repository\javax\persistence\persistence-api\1.0.2\persistence-api-1.0.2.jar;"/>
    <property name="java.vm.vendor" value="Oracle Corporation"/>
    <property name="sun.arch.data.model" value="64"/>
    <property name="user.variant" value=""/>
    <property name="java.vendor.url" value="http://java.oracle.com/"/>
    <property name="user.timezone" value="America/New_York"/>
    <property name="java.vm.specification.version" value="11"/>
    <property name="os.name" value="Windows 10"/>
    <property name="sun.java.launcher" value="SUN_STANDARD"/>
    <property name="user.country" value="US"/>
    <property name="sun.boot.library.path" value="C:\Program Files\Java\jdk-11.0.2\bin"/>
    <property name="sun.java.command" value="C:\Users\ikosh\AppData\Local\Temp\surefire3870504193390808614\surefirebooter13147244657202470654.jar C:\Users\ikosh\AppData\Local\Temp\surefire3870504193390808614 2019-01-22T22-21-23_226-jvmRun1 surefire8685924578323181149tmp surefire_010920414300736064348tmp"/>
    <property name="jdk.debug" value="release"/>
    <property name="surefire.test.class.path" value="C:\Users\ikosh\Documents\workspace-sts-3.9.7.RELEASE\boot\target\test-classes;C:\Users\ikosh\Documents\workspace-sts-3.9.7.RELEASE\boot\target\classes;C:\Users\ikosh\.m2\repository\org\springframework\boot\spring-boot-starter-web\2.1.2.RELEASE\spring-boot-starter-web-2.1.2.RELEASE.jar;C:\Users\ikosh\.m2\repository\org\springframework\boot\spring-boot-starter\2.1.2.RELEASE\spring-boot-starter-2.1.2.RELEASE.jar;C:\Users\ikosh\.m2\repository\org\springframework\boot\spring-boot\2.1.2.RELEASE\spring-boot-2.1.2.RELEASE.jar;C:\Users\ikosh\.m2\repository\org\springframework\boot\spring-boot-autoconfigure\2.1.2.RELEASE\spring-boot-autoconfigure-2.1.2.RELEASE.jar;C:\Users\ikosh\.m2\repository\org\springframework\boot\spring-boot-starter-logging\2.1.2.RELEASE\spring-boot-starter-logging-2.1.2.RELEASE.jar;C:\Users\ikosh\.m2\repository\ch\qos\logback\logback-classic\1.2.3\logback-classic-1.2.3.jar;C:\Users\ikosh\.m2\repository\ch\qos\logback\logback-core\1.2.3\logback-core-1.2.3.jar;C:\Users\ikosh\.m2\repository\org\apache\logging\log4j\log4j-to-slf4j\2.11.1\log4j-to-slf4j-2.11.1.jar;C:\Users\ikosh\.m2\repository\org\apache\logging\log4j\log4j-api\2.11.1\log4j-api-2.11.1.jar;C:\Users\ikosh\.m2\repository\org\slf4j\jul-to-slf4j\1.7.25\jul-to-slf4j-1.7.25.jar;C:\Users\ikosh\.m2\repository\javax\annotation\javax.annotation-api\1.3.2\javax.annotation-api-1.3.2.jar;C:\Users\ikosh\.m2\repository\org\yaml\snakeyaml\1.23\snakeyaml-1.23.jar;C:\Users\ikosh\.m2\repository\org\springframework\boot\spring-boot-starter-json\2.1.2.RELEASE\spring-boot-starter-json-2.1.2.RELEASE.jar;C:\Users\ikosh\.m2\repository\com\fasterxml\jackson\core\jackson-databind\2.9.8\jackson-databind-2.9.8.jar;C:\Users\ikosh\.m2\repository\com\fasterxml\jackson\core\jackson-annotations\2.9.0\jackson-annotations-2.9.0.jar;C:\Users\ikosh\.m2\repository\com\fasterxml\jackson\core\jackson-core\2.9.8\jackson-core-2.9.8.jar;C:\Users\ikosh\.m2\repository\com\fasterxml\jackson\datatype\jackson-datatype-jdk8\2.9.8\jackson-datatype-jdk8-2.9.8.jar;C:\Users\ikosh\.m2\repository\com\fasterxml\jackson\datatype\jackson-datatype-jsr310\2.9.8\jackson-datatype-jsr310-2.9.8.jar;C:\Users\ikosh\.m2\repository\com\fasterxml\jackson\module\jackson-module-parameter-names\2.9.8\jackson-module-parameter-names-2.9.8.jar;C:\Users\ikosh\.m2\repository\org\springframework\boot\spring-boot-starter-tomcat\2.1.2.RELEASE\spring-boot-starter-tomcat-2.1.2.RELEASE.jar;C:\Users\ikosh\.m2\repository\org\apache\tomcat\embed\tomcat-embed-core\9.0.14\tomcat-embed-core-9.0.14.jar;C:\Users\ikosh\.m2\repository\org\apache\tomcat\embed\tomcat-embed-el\9.0.14\tomcat-embed-el-9.0.14.jar;C:\Users\ikosh\.m2\repository\org\apache\tomcat\embed\tomcat-embed-websocket\9.0.14\tomcat-embed-websocket-9.0.14.jar;C:\Users\ikosh\.m2\repository\org\hibernate\validator\hibernate-validator\6.0.14.Final\hibernate-validator-6.0.14.Final.jar;C:\Users\ikosh\.m2\repository\javax\validation\validation-api\2.0.1.Final\validation-api-2.0.1.Final.jar;C:\Users\ikosh\.m2\repository\org\jboss\logging\jboss-logging\3.3.2.Final\jboss-logging-3.3.2.Final.jar;C:\Users\ikosh\.m2\repository\com\fasterxml\classmate\1.4.0\classmate-1.4.0.jar;C:\Users\ikosh\.m2\repository\org\springframework\spring-web\5.1.4.RELEASE\spring-web-5.1.4.RELEASE.jar;C:\Users\ikosh\.m2\repository\org\springframework\spring-beans\5.1.4.RELEASE\spring-beans-5.1.4.RELEASE.jar;C:\Users\ikosh\.m2\repository\org\springframework\spring-webmvc\5.1.4.RELEASE\spring-webmvc-5.1.4.RELEASE.jar;C:\Users\ikosh\.m2\repository\org\springframework\spring-aop\5.1.4.RELEASE\spring-aop-5.1.4.RELEASE.jar;C:\Users\ikosh\.m2\repository\org\springframework\spring-context\5.1.4.RELEASE\spring-context-5.1.4.RELEASE.jar;C:\Users\ikosh\.m2\repository\org\springframework\spring-expression\5.1.4.RELEASE\spring-expression-5.1.4.RELEASE.jar;C:\Users\ikosh\.m2\repository\org\springframework\boot\spring-boot-starter-test\2.1.2.RELEASE\spring-boot-starter-test-2.1.2.RELEASE.jar;C:\Users\ikosh\.m2\repository\org\springframework\boot\spring-boot-test\2.1.2.RELEASE\spring-boot-test-2.1.2.RELEASE.jar;C:\Users\ikosh\.m2\repository\org\springframework\boot\spring-boot-test-autoconfigure\2.1.2.RELEASE\spring-boot-test-autoconfigure-2.1.2.RELEASE.jar;C:\Users\ikosh\.m2\repository\com\jayway\jsonpath\json-path\2.4.0\json-path-2.4.0.jar;C:\Users\ikosh\.m2\repository\net\minidev\json-smart\2.3\json-smart-2.3.jar;C:\Users\ikosh\.m2\repository\net\minidev\accessors-smart\1.2\accessors-smart-1.2.jar;C:\Users\ikosh\.m2\repository\org\ow2\asm\asm\5.0.4\asm-5.0.4.jar;C:\Users\ikosh\.m2\repository\org\slf4j\slf4j-api\1.7.25\slf4j-api-1.7.25.jar;C:\Users\ikosh\.m2\repository\junit\junit\4.12\junit-4.12.jar;C:\Users\ikosh\.m2\repository\org\assertj\assertj-core\3.11.1\assertj-core-3.11.1.jar;C:\Users\ikosh\.m2\repository\org\mockito\mockito-core\2.23.4\mockito-core-2.23.4.jar;C:\Users\ikosh\.m2\repository\net\bytebuddy\byte-buddy\1.9.7\byte-buddy-1.9.7.jar;C:\Users\ikosh\.m2\repository\net\bytebuddy\byte-buddy-agent\1.9.7\byte-buddy-agent-1.9.7.jar;C:\Users\ikosh\.m2\repository\org\objenesis\objenesis\2.6\objenesis-2.6.jar;C:\Users\ikosh\.m2\repository\org\hamcrest\hamcrest-core\1.3\hamcrest-core-1.3.jar;C:\Users\ikosh\.m2\repository\org\hamcrest\hamcrest-library\1.3\hamcrest-library-1.3.jar;C:\Users\ikosh\.m2\repository\org\skyscreamer\jsonassert\1.5.0\jsonassert-1.5.0.jar;C:\Users\ikosh\.m2\repository\com\vaadin\external\google\android-json\0.0.20131108.vaadin1\android-json-0.0.20131108.vaadin1.jar;C:\Users\ikosh\.m2\repository\org\springframework\spring-core\5.1.4.RELEASE\spring-core-5.1.4.RELEASE.jar;C:\Users\ikosh\.m2\repository\org\springframework\spring-jcl\5.1.4.RELEASE\spring-jcl-5.1.4.RELEASE.jar;C:\Users\ikosh\.m2\repository\org\springframework\spring-test\5.1.4.RELEASE\spring-test-5.1.4.RELEASE.jar;C:\Users\ikosh\.m2\repository\org\xmlunit\xmlunit-core\2.6.2\xmlunit-core-2.6.2.jar;C:\Users\ikosh\.m2\repository\javax\xml\bind\jaxb-api\2.3.1\jaxb-api-2.3.1.jar;C:\Users\ikosh\.m2\repository\javax\activation\javax.activation-api\1.2.0\javax.activation-api-1.2.0.jar;C:\Users\ikosh\.m2\repository\javax\persistence\persistence-api\1.0.2\persistence-api-1.0.2.jar;"/>
    <property name="sun.cpu.endian" value="little"/>
    <property name="user.home" value="C:\Users\ikosh"/>
    <property name="user.language" value="en"/>
    <property name="java.specification.vendor" value="Oracle Corporation"/>
    <property name="java.version.date" value="2018-10-16"/>
    <property name="java.home" value="C:\Program Files\Java\jdk-11.0.2"/>
    <property name="file.separator" value="\"/>
    <property name="basedir" value="C:\Users\ikosh\Documents\workspace-sts-3.9.7.RELEASE\boot"/>
    <property name="java.vm.compressedOopsMode" value="Zero based"/>
    <property name="line.separator" value="&#10;"/>
    <property name="java.specification.name" value="Java Platform API Specification"/>
    <property name="java.vm.specification.vendor" value="Oracle Corporation"/>
    <property name="java.awt.graphicsenv" value="sun.awt.Win32GraphicsEnvironment"/>
    <property name="surefire.real.class.path" value="C:\Users\ikosh\AppData\Local\Temp\surefire3870504193390808614\surefirebooter13147244657202470654.jar"/>
    <property name="user.script" value=""/>
    <property name="sun.management.compiler" value="HotSpot 64-Bit Tiered Compilers"/>
    <property name="java.runtime.version" value="11.0.2+7-LTS"/>
    <property name="user.name" value="ikosh"/>
    <property name="path.separator" value=";"/>
    <property name="os.version" value="10.0"/>
    <property name="java.runtime.name" value="Java(TM) SE Runtime Environment"/>
    <property name="file.encoding" value="Cp1252"/>
    <property name="java.vm.name" value="Java HotSpot(TM) 64-Bit Server VM"/>
    <property name="java.vendor.version" value="18.9"/>
    <property name="localRepository" value="C:\Users\ikosh\.m2\repository"/>
    <property name="java.vendor.url.bug" value="http://bugreport.java.com/bugreport/"/>
    <property name="java.io.tmpdir" value="C:\Users\ikosh\AppData\Local\Temp\"/>
    <property name="java.version" value="11.0.2"/>
    <property name="user.dir" value="C:\Users\ikosh\Documents\workspace-sts-3.9.7.RELEASE\boot"/>
    <property name="os.arch" value="amd64"/>
    <property name="java.vm.specification.name" value="Java Virtual Machine Specification"/>
    <property name="java.awt.printerjob" value="sun.awt.windows.WPrinterJob"/>
    <property name="sun.os.patch.level" value=""/>
    <property name="java.library.path" value="C:\Program Files\Java\jdk-11.0.2\bin;C:\WINDOWS\Sun\Java\bin;C:\WINDOWS\system32;C:\WINDOWS;C:\Program Files (x86)\Common Files\Oracle\Java\javapath;C:\WINDOWS\system32;C:\WINDOWS;C:\WINDOWS\System32\Wbem;C:\WINDOWS\System32\WindowsPowerShell\v1.0\;C:\WINDOWS\System32\OpenSSH\;C:\Program Files\NVIDIA Corporation\NVIDIA NvDLISR;C:\Program Files (x86)\NVIDIA Corporation\PhysX\Common;C:\Program Files\NVIDIA Corporation\NVIDIA NGX;C:\Program Files\Java\jdk-11.0.2\bin;C:\Program Files (x86)\apache-maven-3.6.0\bin;;."/>
    <property name="java.vendor" value="Oracle Corporation"/>
    <property name="java.vm.info" value="mixed mode"/>
    <property name="java.vm.version" value="11.0.2+7-LTS"/>
    <property name="sun.io.unicode.encoding" value="UnicodeLittle"/>
    <property name="java.class.version" value="55.0"/>
  </properties>
  <testcase name="testCount" classname="boot.MessageTest" time="0.566">
    <error message="Request processing failed; nested exception is java.lang.NullPointerException" type="org.springframework.web.util.NestedServletException">org.springframework.web.util.NestedServletException: Request processing failed; nested exception is java.lang.NullPointerException
	at boot.MessageTest.testCount(MessageTest.java:62)
Caused by: java.lang.NullPointerException
	at boot.MessageTest.testCount(MessageTest.java:62)
</error>
    <system-out><![CDATA[22:21:24.642 [main] DEBUG org.springframework.test.context.junit4.SpringJUnit4ClassRunner - SpringJUnit4ClassRunner constructor called with [class boot.MessageTest]
22:21:24.646 [main] DEBUG org.springframework.test.context.BootstrapUtils - Instantiating CacheAwareContextLoaderDelegate from class [org.springframework.test.context.cache.DefaultCacheAwareContextLoaderDelegate]
22:21:24.651 [main] DEBUG org.springframework.test.context.BootstrapUtils - Instantiating BootstrapContext using constructor [public org.springframework.test.context.support.DefaultBootstrapContext(java.lang.Class,org.springframework.test.context.CacheAwareContextLoaderDelegate)]
22:21:24.657 [main] DEBUG org.springframework.test.context.BootstrapUtils - Instantiating TestContextBootstrapper for test class [boot.MessageTest] from class [org.springframework.test.context.support.DefaultTestContextBootstrapper]
22:21:24.664 [main] INFO org.springframework.test.context.support.DefaultTestContextBootstrapper - Neither @ContextConfiguration nor @ContextHierarchy found for test class [boot.MessageTest], using DelegatingSmartContextLoader
22:21:24.665 [main] DEBUG org.springframework.test.context.support.AbstractDelegatingSmartContextLoader - Delegating to GenericXmlContextLoader to process context configuration [ContextConfigurationAttributes@198b6731 declaringClass = 'boot.MessageTest', classes = '{}', locations = '{}', inheritLocations = false, initializers = '{}', inheritInitializers = true, name = [null], contextLoaderClass = 'org.springframework.test.context.ContextLoader'].
22:21:24.667 [main] DEBUG org.springframework.test.context.support.AbstractContextLoader - Did not detect default resource location for test class [boot.MessageTest]: class path resource [boot/MessageTest-context.xml] does not exist
22:21:24.667 [main] INFO org.springframework.test.context.support.AbstractContextLoader - Could not detect default resource locations for test class [boot.MessageTest]: no resource found for suffixes {-context.xml}.
22:21:24.668 [main] DEBUG org.springframework.test.context.support.AbstractDelegatingSmartContextLoader - Delegating to AnnotationConfigContextLoader to process context configuration [ContextConfigurationAttributes@198b6731 declaringClass = 'boot.MessageTest', classes = '{}', locations = '{}', inheritLocations = false, initializers = '{}', inheritInitializers = true, name = [null], contextLoaderClass = 'org.springframework.test.context.ContextLoader'].
22:21:24.668 [main] INFO org.springframework.test.context.support.AnnotationConfigContextLoaderUtils - Could not detect default configuration classes for test class [boot.MessageTest]: MessageTest does not declare any static, non-private, non-final, nested classes annotated with @Configuration.
22:21:24.694 [main] DEBUG org.springframework.test.context.support.ActiveProfilesUtils - Could not find an 'annotation declaring class' for annotation type [org.springframework.test.context.ActiveProfiles] and class [boot.MessageTest]
22:21:24.694 [main] DEBUG org.springframework.test.context.support.DefaultTestContextBootstrapper - @TestExecutionListeners is not present for class [boot.MessageTest]: using defaults.
22:21:24.694 [main] INFO org.springframework.test.context.support.DefaultTestContextBootstrapper - Loaded default TestExecutionListener class names from location [META-INF/spring.factories]: [org.springframework.boot.test.mock.mockito.MockitoTestExecutionListener, org.springframework.boot.test.mock.mockito.ResetMocksTestExecutionListener, org.springframework.boot.test.autoconfigure.restdocs.RestDocsTestExecutionListener, org.springframework.boot.test.autoconfigure.web.client.MockRestServiceServerResetTestExecutionListener, org.springframework.boot.test.autoconfigure.web.servlet.MockMvcPrintOnlyOnFailureTestExecutionListener, org.springframework.boot.test.autoconfigure.web.servlet.WebDriverTestExecutionListener, org.springframework.test.context.web.ServletTestExecutionListener, org.springframework.test.context.support.DirtiesContextBeforeModesTestExecutionListener, org.springframework.test.context.support.DependencyInjectionTestExecutionListener, org.springframework.test.context.support.DirtiesContextTestExecutionListener, org.springframework.test.context.transaction.TransactionalTestExecutionListener, org.springframework.test.context.jdbc.SqlScriptsTestExecutionListener]
22:21:24.705 [main] DEBUG org.springframework.test.context.support.DefaultTestContextBootstrapper - Skipping candidate TestExecutionListener [org.springframework.test.context.transaction.TransactionalTestExecutionListener] due to a missing dependency. Specify custom listener classes or make the default listener classes and their required dependencies available. Offending class: [org/springframework/transaction/interceptor/TransactionAttributeSource]
22:21:24.706 [main] DEBUG org.springframework.test.context.support.DefaultTestContextBootstrapper - Skipping candidate TestExecutionListener [org.springframework.test.context.jdbc.SqlScriptsTestExecutionListener] due to a missing dependency. Specify custom listener classes or make the default listener classes and their required dependencies available. Offending class: [org/springframework/transaction/interceptor/TransactionAttribute]
22:21:24.706 [main] INFO org.springframework.test.context.support.DefaultTestContextBootstrapper - Using TestExecutionListeners: [org.springframework.test.context.web.ServletTestExecutionListener@732c2a62, org.springframework.test.context.support.DirtiesContextBeforeModesTestExecutionListener@272ed83b, org.springframework.boot.test.mock.mockito.MockitoTestExecutionListener@41fecb8b, org.springframework.test.context.support.DependencyInjectionTestExecutionListener@120f102b, org.springframework.test.context.support.DirtiesContextTestExecutionListener@625732, org.springframework.boot.test.mock.mockito.ResetMocksTestExecutionListener@51dcb805, org.springframework.boot.test.autoconfigure.restdocs.RestDocsTestExecutionListener@66498326, org.springframework.boot.test.autoconfigure.web.client.MockRestServiceServerResetTestExecutionListener@cad498c, org.springframework.boot.test.autoconfigure.web.servlet.MockMvcPrintOnlyOnFailureTestExecutionListener@1e6454ec, org.springframework.boot.test.autoconfigure.web.servlet.WebDriverTestExecutionListener@2accdbb5]
22:21:24.706 [main] DEBUG org.springframework.test.annotation.ProfileValueUtils - Retrieved @ProfileValueSourceConfiguration [null] for test class [boot.MessageTest]
22:21:24.707 [main] DEBUG org.springframework.test.annotation.ProfileValueUtils - Retrieved ProfileValueSource type [class org.springframework.test.annotation.SystemProfileValueSource] for class [boot.MessageTest]
22:21:24.707 [main] DEBUG org.springframework.test.annotation.ProfileValueUtils - Retrieved @ProfileValueSourceConfiguration [null] for test class [boot.MessageTest]
22:21:24.707 [main] DEBUG org.springframework.test.annotation.ProfileValueUtils - Retrieved ProfileValueSource type [class org.springframework.test.annotation.SystemProfileValueSource] for class [boot.MessageTest]
22:21:24.708 [main] DEBUG org.springframework.test.annotation.ProfileValueUtils - Retrieved @ProfileValueSourceConfiguration [null] for test class [boot.MessageTest]
22:21:24.708 [main] DEBUG org.springframework.test.annotation.ProfileValueUtils - Retrieved ProfileValueSource type [class org.springframework.test.annotation.SystemProfileValueSource] for class [boot.MessageTest]
22:21:24.709 [main] DEBUG org.springframework.test.context.support.AbstractDirtiesContextTestExecutionListener - Before test class: context [DefaultTestContext@d29f28 testClass = MessageTest, testInstance = [null], testMethod = [null], testException = [null], mergedContextConfiguration = [MergedContextConfiguration@2fd1433e testClass = MessageTest, locations = '{}', classes = '{}', contextInitializerClasses = '[]', activeProfiles = '{}', propertySourceLocations = '{}', propertySourceProperties = '{}', contextCustomizers = set[org.springframework.boot.test.context.filter.ExcludeFilterContextCustomizer@313b2ea6, org.springframework.boot.test.json.DuplicateJsonObjectContextCustomizerFactory$DuplicateJsonObjectContextCustomizer@623a8092, org.springframework.boot.test.mock.mockito.MockitoContextCustomizer@0, org.springframework.boot.test.autoconfigure.properties.PropertyMappingContextCustomizer@0, org.springframework.boot.test.autoconfigure.web.servlet.WebDriverContextCustomizerFactory$Customizer@41c2284a], contextLoader = 'org.springframework.test.context.support.DelegatingSmartContextLoader', parent = [null]], attributes = map[[empty]]], class annotated with @DirtiesContext [false] with mode [null].
22:21:24.709 [main] DEBUG org.springframework.test.annotation.ProfileValueUtils - Retrieved @ProfileValueSourceConfiguration [null] for test class [boot.MessageTest]
22:21:24.709 [main] DEBUG org.springframework.test.annotation.ProfileValueUtils - Retrieved ProfileValueSource type [class org.springframework.test.annotation.SystemProfileValueSource] for class [boot.MessageTest]
22:21:24.878 [main] DEBUG org.springframework.test.context.support.DependencyInjectionTestExecutionListener - Performing dependency injection for test context [[DefaultTestContext@d29f28 testClass = MessageTest, testInstance = boot.MessageTest@7c1e2a2d, testMethod = [null], testException = [null], mergedContextConfiguration = [MergedContextConfiguration@2fd1433e testClass = MessageTest, locations = '{}', classes = '{}', contextInitializerClasses = '[]', activeProfiles = '{}', propertySourceLocations = '{}', propertySourceProperties = '{}', contextCustomizers = set[org.springframework.boot.test.context.filter.ExcludeFilterContextCustomizer@313b2ea6, org.springframework.boot.test.json.DuplicateJsonObjectContextCustomizerFactory$DuplicateJsonObjectContextCustomizer@623a8092, org.springframework.boot.test.mock.mockito.MockitoContextCustomizer@0, org.springframework.boot.test.autoconfigure.properties.PropertyMappingContextCustomizer@0, org.springframework.boot.test.autoconfigure.web.servlet.WebDriverContextCustomizerFactory$Customizer@41c2284a], contextLoader = 'org.springframework.test.context.support.DelegatingSmartContextLoader', parent = [null]], attributes = map[[empty]]]].
22:21:24.879 [main] DEBUG org.springframework.test.context.support.AbstractDelegatingSmartContextLoader - Delegating to AnnotationConfigContextLoader to load context from [MergedContextConfiguration@2fd1433e testClass = MessageTest, locations = '{}', classes = '{}', contextInitializerClasses = '[]', activeProfiles = '{}', propertySourceLocations = '{}', propertySourceProperties = '{}', contextCustomizers = set[org.springframework.boot.test.context.filter.ExcludeFilterContextCustomizer@313b2ea6, org.springframework.boot.test.json.DuplicateJsonObjectContextCustomizerFactory$DuplicateJsonObjectContextCustomizer@623a8092, org.springframework.boot.test.mock.mockito.MockitoContextCustomizer@0, org.springframework.boot.test.autoconfigure.properties.PropertyMappingContextCustomizer@0, org.springframework.boot.test.autoconfigure.web.servlet.WebDriverContextCustomizerFactory$Customizer@41c2284a], contextLoader = 'org.springframework.test.context.support.DelegatingSmartContextLoader', parent = [null]].
22:21:24.879 [main] DEBUG org.springframework.test.context.support.AbstractGenericContextLoader - Loading ApplicationContext for merged context configuration [[MergedContextConfiguration@2fd1433e testClass = MessageTest, locations = '{}', classes = '{}', contextInitializerClasses = '[]', activeProfiles = '{}', propertySourceLocations = '{}', propertySourceProperties = '{}', contextCustomizers = set[org.springframework.boot.test.context.filter.ExcludeFilterContextCustomizer@313b2ea6, org.springframework.boot.test.json.DuplicateJsonObjectContextCustomizerFactory$DuplicateJsonObjectContextCustomizer@623a8092, org.springframework.boot.test.mock.mockito.MockitoContextCustomizer@0, org.springframework.boot.test.autoconfigure.properties.PropertyMappingContextCustomizer@0, org.springframework.boot.test.autoconfigure.web.servlet.WebDriverContextCustomizerFactory$Customizer@41c2284a], contextLoader = 'org.springframework.test.context.support.DelegatingSmartContextLoader', parent = [null]]].
22:21:24.899 [main] DEBUG org.springframework.core.env.StandardEnvironment - Activating profiles []
22:21:24.899 [main] DEBUG org.springframework.test.context.support.AnnotationConfigContextLoader - Registering annotated classes: {}
22:21:24.910 [main] DEBUG org.springframework.context.support.GenericApplicationContext - Refreshing org.springframework.context.support.GenericApplicationContext@3f6db3fb
22:21:24.918 [main] DEBUG org.springframework.beans.factory.support.DefaultListableBeanFactory - Creating shared instance of singleton bean 'org.springframework.context.annotation.internalConfigurationAnnotationProcessor'
22:21:24.934 [main] DEBUG org.springframework.beans.factory.support.DefaultListableBeanFactory - Creating shared instance of singleton bean 'org.springframework.boot.test.mock.mockito.MockitoPostProcessor'
22:21:24.944 [main] DEBUG org.springframework.beans.factory.support.DefaultListableBeanFactory - Creating shared instance of singleton bean 'org.springframework.context.event.internalEventListenerProcessor'
22:21:24.945 [main] DEBUG org.springframework.beans.factory.support.DefaultListableBeanFactory - Creating shared instance of singleton bean 'org.springframework.context.event.internalEventListenerFactory'
22:21:24.946 [main] DEBUG org.springframework.beans.factory.support.DefaultListableBeanFactory - Creating shared instance of singleton bean 'org.springframework.context.annotation.internalAutowiredAnnotationProcessor'
22:21:24.946 [main] DEBUG org.springframework.beans.factory.support.DefaultListableBeanFactory - Creating shared instance of singleton bean 'org.springframework.context.annotation.internalCommonAnnotationProcessor'
22:21:24.948 [main] DEBUG org.springframework.beans.factory.support.DefaultListableBeanFactory - Creating shared instance of singleton bean 'org.springframework.boot.test.mock.mockito.MockitoPostProcessor$SpyPostProcessor'
22:21:24.963 [main] DEBUG org.springframework.test.context.cache.DefaultCacheAwareContextLoaderDelegate - Storing ApplicationContext in cache under key [[MergedContextConfiguration@2fd1433e testClass = MessageTest, locations = '{}', classes = '{}', contextInitializerClasses = '[]', activeProfiles = '{}', propertySourceLocations = '{}', propertySourceProperties = '{}', contextCustomizers = set[org.springframework.boot.test.context.filter.ExcludeFilterContextCustomizer@313b2ea6, org.springframework.boot.test.json.DuplicateJsonObjectContextCustomizerFactory$DuplicateJsonObjectContextCustomizer@623a8092, org.springframework.boot.test.mock.mockito.MockitoContextCustomizer@0, org.springframework.boot.test.autoconfigure.properties.PropertyMappingContextCustomizer@0, org.springframework.boot.test.autoconfigure.web.servlet.WebDriverContextCustomizerFactory$Customizer@41c2284a], contextLoader = 'org.springframework.test.context.support.DelegatingSmartContextLoader', parent = [null]]]
22:21:24.963 [main] DEBUG org.springframework.test.context.cache - Spring test ApplicationContext cache statistics: [DefaultContextCache@54361a9 size = 1, maxSize = 32, parentContextCount = 0, hitCount = 0, missCount = 1]
22:21:24.988 [main] DEBUG org.springframework.test.context.support.AbstractDirtiesContextTestExecutionListener - Before test method: context [DefaultTestContext@d29f28 testClass = MessageTest, testInstance = boot.MessageTest@7c1e2a2d, testMethod = testCount@MessageTest, testException = [null], mergedContextConfiguration = [MergedContextConfiguration@2fd1433e testClass = MessageTest, locations = '{}', classes = '{}', contextInitializerClasses = '[]', activeProfiles = '{}', propertySourceLocations = '{}', propertySourceProperties = '{}', contextCustomizers = set[org.springframework.boot.test.context.filter.ExcludeFilterContextCustomizer@313b2ea6, org.springframework.boot.test.json.DuplicateJsonObjectContextCustomizerFactory$DuplicateJsonObjectContextCustomizer@623a8092, org.springframework.boot.test.mock.mockito.MockitoContextCustomizer@0, org.springframework.boot.test.autoconfigure.properties.PropertyMappingContextCustomizer@0, org.springframework.boot.test.autoconfigure.web.servlet.WebDriverContextCustomizerFactory$Customizer@41c2284a], contextLoader = 'org.springframework.test.context.support.DelegatingSmartContextLoader', parent = [null]], attributes = map[[empty]]], class annotated with @DirtiesContext [false] with mode [null], method annotated with @DirtiesContext [false] with mode [null].
22:21:24.988 [main] DEBUG org.springframework.test.context.cache.DefaultCacheAwareContextLoaderDelegate - Retrieved ApplicationContext from cache with key [[MergedContextConfiguration@2fd1433e testClass = MessageTest, locations = '{}', classes = '{}', contextInitializerClasses = '[]', activeProfiles = '{}', propertySourceLocations = '{}', propertySourceProperties = '{}', contextCustomizers = set[org.springframework.boot.test.context.filter.ExcludeFilterContextCustomizer@313b2ea6, org.springframework.boot.test.json.DuplicateJsonObjectContextCustomizerFactory$DuplicateJsonObjectContextCustomizer@623a8092, org.springframework.boot.test.mock.mockito.MockitoContextCustomizer@0, org.springframework.boot.test.autoconfigure.properties.PropertyMappingContextCustomizer@0, org.springframework.boot.test.autoconfigure.web.servlet.WebDriverContextCustomizerFactory$Customizer@41c2284a], contextLoader = 'org.springframework.test.context.support.DelegatingSmartContextLoader', parent = [null]]]
22:21:24.988 [main] DEBUG org.springframework.test.context.cache - Spring test ApplicationContext cache statistics: [DefaultContextCache@54361a9 size = 1, maxSize = 32, parentContextCount = 0, hitCount = 1, missCount = 1]
22:21:25.068 [main] DEBUG org.springframework.web.servlet.mvc.method.annotation.RequestMappingHandlerMapping - 2 mappings in <unknown>
22:21:25.220 [main] DEBUG org.jboss.logging - Logging Provider: org.jboss.logging.Log4j2LoggerProvider
22:21:25.221 [main] INFO org.hibernate.validator.internal.util.Version - HV000001: Hibernate Validator 6.0.14.Final
22:21:25.225 [main] DEBUG org.hibernate.validator.internal.engine.resolver.TraversableResolvers - Found javax.persistence.Persistence on classpath, but no method 'getPersistenceUtil'. Assuming JPA 1 environment. All properties will per default be traversable.
22:21:25.232 [main] DEBUG org.hibernate.validator.messageinterpolation.ResourceBundleMessageInterpolator - Loaded expression factory via original TCCL
22:21:25.232 [main] DEBUG org.hibernate.validator.internal.engine.ConfigurationImpl - Setting custom MessageInterpolator of type org.springframework.validation.beanvalidation.LocaleContextMessageInterpolator
22:21:25.232 [main] DEBUG org.hibernate.validator.internal.engine.ConfigurationImpl - Setting custom ParameterNameProvider of type org.springframework.validation.beanvalidation.LocalValidatorFactoryBean$1
22:21:25.234 [main] DEBUG org.hibernate.validator.internal.xml.config.ValidationXmlParser - Trying to load META-INF/validation.xml for XML based Validator configuration.
22:21:25.235 [main] DEBUG org.hibernate.validator.internal.xml.config.ResourceLoaderHelper - Trying to load META-INF/validation.xml via TCCL
22:21:25.235 [main] DEBUG org.hibernate.validator.internal.xml.config.ResourceLoaderHelper - Trying to load META-INF/validation.xml via Hibernate Validator's class loader
22:21:25.235 [main] DEBUG org.hibernate.validator.internal.xml.config.ValidationXmlParser - No META-INF/validation.xml found. Using annotation based configuration only.
22:21:25.300 [main] DEBUG org.hibernate.validator.internal.engine.ValidatorFactoryImpl - HV000234: Using org.springframework.validation.beanvalidation.LocaleContextMessageInterpolator as ValidatorFactory-scoped message interpolator.
22:21:25.300 [main] DEBUG org.hibernate.validator.internal.engine.ValidatorFactoryImpl - HV000234: Using org.hibernate.validator.internal.engine.resolver.TraverseAllTraversableResolver as ValidatorFactory-scoped traversable resolver.
22:21:25.300 [main] DEBUG org.hibernate.validator.internal.engine.ValidatorFactoryImpl - HV000234: Using org.hibernate.validator.internal.util.ExecutableParameterNameProvider as ValidatorFactory-scoped parameter name provider.
22:21:25.300 [main] DEBUG org.hibernate.validator.internal.engine.ValidatorFactoryImpl - HV000234: Using org.hibernate.validator.internal.engine.DefaultClockProvider as ValidatorFactory-scoped clock provider.
22:21:25.300 [main] DEBUG org.hibernate.validator.internal.engine.ValidatorFactoryImpl - HV000234: Using org.hibernate.validator.internal.engine.scripting.DefaultScriptEvaluatorFactory as ValidatorFactory-scoped script evaluator factory.
22:21:25.316 [main] DEBUG org.springframework.web.servlet.mvc.method.annotation.RequestMappingHandlerAdapter - ControllerAdvice beans: 0 @ModelAttribute, 0 @InitBinder, 1 RequestBodyAdvice, 1 ResponseBodyAdvice
22:21:25.334 [main] DEBUG org.springframework.web.servlet.mvc.method.annotation.ExceptionHandlerExceptionResolver - ControllerAdvice beans: 0 @ExceptionHandler, 1 ResponseBodyAdvice
22:21:25.345 [main] INFO org.springframework.mock.web.MockServletContext - Initializing Spring TestDispatcherServlet ''
22:21:25.345 [main] INFO org.springframework.test.web.servlet.TestDispatcherServlet - Initializing Servlet ''
22:21:25.346 [main] DEBUG org.springframework.test.web.servlet.TestDispatcherServlet - Detected AcceptHeaderLocaleResolver
22:21:25.346 [main] DEBUG org.springframework.test.web.servlet.TestDispatcherServlet - Detected FixedThemeResolver
22:21:25.346 [main] DEBUG org.springframework.test.web.servlet.TestDispatcherServlet - Detected org.springframework.web.servlet.view.DefaultRequestToViewNameTranslator@4a67b4ec
22:21:25.346 [main] DEBUG org.springframework.test.web.servlet.TestDispatcherServlet - Detected org.springframework.web.servlet.support.SessionFlashMapManager@10643593
22:21:25.346 [main] DEBUG org.springframework.test.web.servlet.TestDispatcherServlet - enableLoggingRequestDetails='false': request parameters and headers will be masked to prevent unsafe logging of potentially sensitive data
22:21:25.346 [main] INFO org.springframework.test.web.servlet.TestDispatcherServlet - Completed initialization in 1 ms
22:21:25.348 [main] DEBUG org.springframework.web.servlet.mvc.method.annotation.RequestMappingHandlerMapping - 2 mappings in <unknown>
22:21:25.351 [main] DEBUG org.hibernate.validator.internal.engine.resolver.TraversableResolvers - Found javax.persistence.Persistence on classpath, but no method 'getPersistenceUtil'. Assuming JPA 1 environment. All properties will per default be traversable.
22:21:25.351 [main] DEBUG org.hibernate.validator.messageinterpolation.ResourceBundleMessageInterpolator - Loaded expression factory via original TCCL
22:21:25.351 [main] DEBUG org.hibernate.validator.internal.engine.ConfigurationImpl - Setting custom MessageInterpolator of type org.springframework.validation.beanvalidation.LocaleContextMessageInterpolator
22:21:25.351 [main] DEBUG org.hibernate.validator.internal.engine.ConfigurationImpl - Setting custom ParameterNameProvider of type org.springframework.validation.beanvalidation.LocalValidatorFactoryBean$1
22:21:25.351 [main] DEBUG org.hibernate.validator.internal.xml.config.ValidationXmlParser - Trying to load META-INF/validation.xml for XML based Validator configuration.
22:21:25.351 [main] DEBUG org.hibernate.validator.internal.xml.config.ResourceLoaderHelper - Trying to load META-INF/validation.xml via TCCL
22:21:25.352 [main] DEBUG org.hibernate.validator.internal.xml.config.ResourceLoaderHelper - Trying to load META-INF/validation.xml via Hibernate Validator's class loader
22:21:25.352 [main] DEBUG org.hibernate.validator.internal.xml.config.ValidationXmlParser - No META-INF/validation.xml found. Using annotation based configuration only.
22:21:25.354 [main] DEBUG org.hibernate.validator.internal.engine.ValidatorFactoryImpl - HV000234: Using org.springframework.validation.beanvalidation.LocaleContextMessageInterpolator as ValidatorFactory-scoped message interpolator.
22:21:25.355 [main] DEBUG org.hibernate.validator.internal.engine.ValidatorFactoryImpl - HV000234: Using org.hibernate.validator.internal.engine.resolver.TraverseAllTraversableResolver as ValidatorFactory-scoped traversable resolver.
22:21:25.355 [main] DEBUG org.hibernate.validator.internal.engine.ValidatorFactoryImpl - HV000234: Using org.hibernate.validator.internal.util.ExecutableParameterNameProvider as ValidatorFactory-scoped parameter name provider.
22:21:25.355 [main] DEBUG org.hibernate.validator.internal.engine.ValidatorFactoryImpl - HV000234: Using org.hibernate.validator.internal.engine.DefaultClockProvider as ValidatorFactory-scoped clock provider.
22:21:25.355 [main] DEBUG org.hibernate.validator.internal.engine.ValidatorFactoryImpl - HV000234: Using org.hibernate.validator.internal.engine.scripting.DefaultScriptEvaluatorFactory as ValidatorFactory-scoped script evaluator factory.
22:21:25.355 [main] DEBUG org.springframework.web.servlet.mvc.method.annotation.RequestMappingHandlerAdapter - ControllerAdvice beans: 0 @ModelAttribute, 0 @InitBinder, 1 RequestBodyAdvice, 1 ResponseBodyAdvice
22:21:25.357 [main] DEBUG org.springframework.web.servlet.mvc.method.annotation.ExceptionHandlerExceptionResolver - ControllerAdvice beans: 0 @ExceptionHandler, 1 ResponseBodyAdvice
22:21:25.357 [main] INFO org.springframework.mock.web.MockServletContext - Initializing Spring TestDispatcherServlet ''
22:21:25.357 [main] INFO org.springframework.test.web.servlet.TestDispatcherServlet - Initializing Servlet ''
22:21:25.357 [main] DEBUG org.springframework.test.web.servlet.TestDispatcherServlet - Detected AcceptHeaderLocaleResolver
22:21:25.357 [main] DEBUG org.springframework.test.web.servlet.TestDispatcherServlet - Detected FixedThemeResolver
22:21:25.357 [main] DEBUG org.springframework.test.web.servlet.TestDispatcherServlet - Detected org.springframework.web.servlet.view.DefaultRequestToViewNameTranslator@7c36db44
22:21:25.357 [main] DEBUG org.springframework.test.web.servlet.TestDispatcherServlet - Detected org.springframework.web.servlet.support.SessionFlashMapManager@65c33b92
22:21:25.357 [main] DEBUG org.springframework.test.web.servlet.TestDispatcherServlet - enableLoggingRequestDetails='false': request parameters and headers will be masked to prevent unsafe logging of potentially sensitive data
22:21:25.357 [main] INFO org.springframework.test.web.servlet.TestDispatcherServlet - Completed initialization in 0 ms
22:21:25.377 [main] DEBUG org.springframework.test.web.servlet.TestDispatcherServlet - GET "/count", parameters={}
22:21:25.380 [main] DEBUG org.springframework.web.servlet.mvc.method.annotation.RequestMappingHandlerMapping - Mapped to public java.lang.Long com.app.controller.MessageController.countUniqueUserId()
22:21:25.388 [main] DEBUG org.springframework.test.web.servlet.TestDispatcherServlet - Failed to complete request: java.lang.NullPointerException
22:21:25.388 [main] DEBUG org.springframework.test.context.cache.DefaultCacheAwareContextLoaderDelegate - Retrieved ApplicationContext from cache with key [[MergedContextConfiguration@2fd1433e testClass = MessageTest, locations = '{}', classes = '{}', contextInitializerClasses = '[]', activeProfiles = '{}', propertySourceLocations = '{}', propertySourceProperties = '{}', contextCustomizers = set[org.springframework.boot.test.context.filter.ExcludeFilterContextCustomizer@313b2ea6, org.springframework.boot.test.json.DuplicateJsonObjectContextCustomizerFactory$DuplicateJsonObjectContextCustomizer@623a8092, org.springframework.boot.test.mock.mockito.MockitoContextCustomizer@0, org.springframework.boot.test.autoconfigure.properties.PropertyMappingContextCustomizer@0, org.springframework.boot.test.autoconfigure.web.servlet.WebDriverContextCustomizerFactory$Customizer@41c2284a], contextLoader = 'org.springframework.test.context.support.DelegatingSmartContextLoader', parent = [null]]]
22:21:25.389 [main] DEBUG org.springframework.test.context.cache - Spring test ApplicationContext cache statistics: [DefaultContextCache@54361a9 size = 1, maxSize = 32, parentContextCount = 0, hitCount = 2, missCount = 1]
22:21:25.389 [main] DEBUG org.springframework.test.context.cache.DefaultCacheAwareContextLoaderDelegate - Retrieved ApplicationContext from cache with key [[MergedContextConfiguration@2fd1433e testClass = MessageTest, locations = '{}', classes = '{}', contextInitializerClasses = '[]', activeProfiles = '{}', propertySourceLocations = '{}', propertySourceProperties = '{}', contextCustomizers = set[org.springframework.boot.test.context.filter.ExcludeFilterContextCustomizer@313b2ea6, org.springframework.boot.test.json.DuplicateJsonObjectContextCustomizerFactory$DuplicateJsonObjectContextCustomizer@623a8092, org.springframework.boot.test.mock.mockito.MockitoContextCustomizer@0, org.springframework.boot.test.autoconfigure.properties.PropertyMappingContextCustomizer@0, org.springframework.boot.test.autoconfigure.web.servlet.WebDriverContextCustomizerFactory$Customizer@41c2284a], contextLoader = 'org.springframework.test.context.support.DelegatingSmartContextLoader', parent = [null]]]
22:21:25.389 [main] DEBUG org.springframework.test.context.cache - Spring test ApplicationContext cache statistics: [DefaultContextCache@54361a9 size = 1, maxSize = 32, parentContextCount = 0, hitCount = 3, missCount = 1]
22:21:25.389 [main] DEBUG org.springframework.test.context.cache.DefaultCacheAwareContextLoaderDelegate - Retrieved ApplicationContext from cache with key [[MergedContextConfiguration@2fd1433e testClass = MessageTest, locations = '{}', classes = '{}', contextInitializerClasses = '[]', activeProfiles = '{}', propertySourceLocations = '{}', propertySourceProperties = '{}', contextCustomizers = set[org.springframework.boot.test.context.filter.ExcludeFilterContextCustomizer@313b2ea6, org.springframework.boot.test.json.DuplicateJsonObjectContextCustomizerFactory$DuplicateJsonObjectContextCustomizer@623a8092, org.springframework.boot.test.mock.mockito.MockitoContextCustomizer@0, org.springframework.boot.test.autoconfigure.properties.PropertyMappingContextCustomizer@0, org.springframework.boot.test.autoconfigure.web.servlet.WebDriverContextCustomizerFactory$Customizer@41c2284a], contextLoader = 'org.springframework.test.context.support.DelegatingSmartContextLoader', parent = [null]]]
22:21:25.389 [main] DEBUG org.springframework.test.context.cache - Spring test ApplicationContext cache statistics: [DefaultContextCache@54361a9 size = 1, maxSize = 32, parentContextCount = 0, hitCount = 4, missCount = 1]
22:21:25.390 [main] DEBUG org.springframework.test.context.cache.DefaultCacheAwareContextLoaderDelegate - Retrieved ApplicationContext from cache with key [[MergedContextConfiguration@2fd1433e testClass = MessageTest, locations = '{}', classes = '{}', contextInitializerClasses = '[]', activeProfiles = '{}', propertySourceLocations = '{}', propertySourceProperties = '{}', contextCustomizers = set[org.springframework.boot.test.context.filter.ExcludeFilterContextCustomizer@313b2ea6, org.springframework.boot.test.json.DuplicateJsonObjectContextCustomizerFactory$DuplicateJsonObjectContextCustomizer@623a8092, org.springframework.boot.test.mock.mockito.MockitoContextCustomizer@0, org.springframework.boot.test.autoconfigure.properties.PropertyMappingContextCustomizer@0, org.springframework.boot.test.autoconfigure.web.servlet.WebDriverContextCustomizerFactory$Customizer@41c2284a], contextLoader = 'org.springframework.test.context.support.DelegatingSmartContextLoader', parent = [null]]]
22:21:25.390 [main] DEBUG org.springframework.test.context.cache - Spring test ApplicationContext cache statistics: [DefaultContextCache@54361a9 size = 1, maxSize = 32, parentContextCount = 0, hitCount = 5, missCount = 1]
22:21:25.391 [main] DEBUG org.springframework.test.context.support.AbstractDirtiesContextTestExecutionListener - After test method: context [DefaultTestContext@d29f28 testClass = MessageTest, testInstance = boot.MessageTest@7c1e2a2d, testMethod = testCount@MessageTest, testException = org.springframework.web.util.NestedServletException: Request processing failed; nested exception is java.lang.NullPointerException, mergedContextConfiguration = [MergedContextConfiguration@2fd1433e testClass = MessageTest, locations = '{}', classes = '{}', contextInitializerClasses = '[]', activeProfiles = '{}', propertySourceLocations = '{}', propertySourceProperties = '{}', contextCustomizers = set[org.springframework.boot.test.context.filter.ExcludeFilterContextCustomizer@313b2ea6, org.springframework.boot.test.json.DuplicateJsonObjectContextCustomizerFactory$DuplicateJsonObjectContextCustomizer@623a8092, org.springframework.boot.test.mock.mockito.MockitoContextCustomizer@0, org.springframework.boot.test.autoconfigure.properties.PropertyMappingContextCustomizer@0, org.springframework.boot.test.autoconfigure.web.servlet.WebDriverContextCustomizerFactory$Customizer@41c2284a], contextLoader = 'org.springframework.test.context.support.DelegatingSmartContextLoader', parent = [null]], attributes = map[[empty]]], class annotated with @DirtiesContext [false] with mode [null], method annotated with @DirtiesContext [false] with mode [null].
]]></system-out>
  </testcase>
</testsuite>